<?xml version="1.0" encoding="UTF-8"?>
<testsuite name="PutMethodTest" tests="1" skipped="0" failures="0" errors="0" timestamp="2021-09-20T03:47:38" hostname="macbook-2021" time="3.397">
  <properties/>
  <testcase name="ResponseType" classname="PutMethodTest" time="3.397"/>
  <system-out><![CDATA[Request method:	GET
Request URI:	http://reqres.in/api/users/2
Proxy:			<none>
Request params:	<none>
Query params:	<none>
Form params:	<none>
Path params:	<none>
Headers:		Accept=*/*
				Content-Type=application/json
Cookies:		<none>
Multiparts:		<none>
Body:			<none>
HTTP/1.1 200 OK
Date: Mon, 20 Sep 2021 03:47:41 GMT
Content-Type: application/json; charset=utf-8
Transfer-Encoding: chunked
Connection: keep-alive
x-powered-by: Express
access-control-allow-origin: *
etag: W/"118-pbdwwFo9SKNhD3Lx5iHJyngpq00"
via: 1.1 vegur
Cache-Control: max-age=14400
CF-Cache-Status: HIT
Age: 465
Expect-CT: max-age=604800, report-uri="https://report-uri.cloudflare.com/cdn-cgi/beacon/expect-ct"
Report-To: {"endpoints":[{"url":"https:\/\/a.nel.cloudflare.com\/report\/v3?s=WZRaEveTUvTNSs7yhLl60IBLQsKjtAapLhwYYBKqVYsRAV7LF96WYQfLXPApVdrLbOW5jNMCUqn0uCgCPMmKCtAqUFYH1I6QHpq7J8bENNLGM%2F7fqCqDW3ZVYcE%3D"}],"group":"cf-nel","max_age":604800}
NEL: {"success_fraction":0,"report_to":"cf-nel","max_age":604800}
Vary: Accept-Encoding
Server: cloudflare
CF-RAY: 691812e86c58e52e-ARI
Content-Encoding: gzip
alt-svc: h3=":443"; ma=86400, h3-29=":443"; ma=86400, h3-28=":443"; ma=86400, h3-27=":443"; ma=86400

{
    "data": {
        "id": 2,
        "email": "janet.weaver@reqres.in",
        "first_name": "Janet",
        "last_name": "Weaver",
        "avatar": "https://reqres.in/img/faces/2-image.jpg"
    },
    "support": {
        "url": "https://reqres.in/#support-heading",
        "text": "To keep ReqRes free, contributions towards server costs are appreciated!"
    }
}
]]></system-out>
  <system-err><![CDATA[]]></system-err>
</testsuite>
